c:\users\carak\source\repos\consept2019\virtualclass\x64\debug\vc142.pdb
c:\users\carak\source\repos\consept2019\virtualclass\x64\debug\vc142.idb
c:\users\carak\source\repos\consept2019\virtualclass\x64\debug\main.obj
c:\users\carak\source\repos\consept2019\x64\debug\virtualclass.pdb
c:\users\carak\source\repos\consept2019\virtualclass\x64\debug\virtualclass.tlog\cl.command.1.tlog
c:\users\carak\source\repos\consept2019\virtualclass\x64\debug\virtualclass.tlog\cl.read.1.tlog
c:\users\carak\source\repos\consept2019\virtualclass\x64\debug\virtualclass.tlog\cl.write.1.tlog
c:\users\carak\source\repos\consept2019\virtualclass\x64\debug\virtualclass.tlog\link-cvtres.read.1.tlog
c:\users\carak\source\repos\consept2019\virtualclass\x64\debug\virtualclass.tlog\link-cvtres.write.1.tlog
c:\users\carak\source\repos\consept2019\virtualclass\x64\debug\virtualclass.tlog\link-rc.read.1.tlog
c:\users\carak\source\repos\consept2019\virtualclass\x64\debug\virtualclass.tlog\link-rc.write.1.tlog
c:\users\carak\source\repos\consept2019\virtualclass\x64\debug\virtualclass.tlog\link.148544-cvtres.read.1.tlog
c:\users\carak\source\repos\consept2019\virtualclass\x64\debug\virtualclass.tlog\link.148544-cvtres.write.1.tlog
c:\users\carak\source\repos\consept2019\virtualclass\x64\debug\virtualclass.tlog\link.148544-rc.read.1.tlog
c:\users\carak\source\repos\consept2019\virtualclass\x64\debug\virtualclass.tlog\link.148544-rc.write.1.tlog
c:\users\carak\source\repos\consept2019\virtualclass\x64\debug\virtualclass.tlog\link.148544.read.1.tlog
c:\users\carak\source\repos\consept2019\virtualclass\x64\debug\virtualclass.tlog\link.148544.write.1.tlog
c:\users\carak\source\repos\consept2019\virtualclass\x64\debug\virtualclass.tlog\link.command.1.tlog
c:\users\carak\source\repos\consept2019\virtualclass\x64\debug\virtualclass.tlog\link.read.1.tlog
c:\users\carak\source\repos\consept2019\virtualclass\x64\debug\virtualclass.tlog\link.write.1.tlog
